<?xml version="1.0" encoding="UTF-8"?>
<!-- Generated by org.testng.reporters.JUnitReportReporter -->
<testsuite hostname="LAPTOP-P3PTTN41" failures="0" tests="1" name="com.qa.automationPractice.TestLayer.AddToCartWebpageTest" time="0.013" errors="0" timestamp="2022-08-05T11:58:19 IST" skipped="0">
  <testcase classname="com.qa.automationPractice.TestLayer.AddToCartWebpageTest" name="m1" time="0.013"/>
  <system-out/>
</testsuite> <!-- com.qa.automationPractice.TestLayer.AddToCartWebpageTest -->
