<?xml version="1.0" encoding="UTF-8"?>
<!-- Generated by org.testng.reporters.JUnitReportReporter -->
<testsuite hostname="LAPTOP-P3PTTN41" failures="0" tests="1" name="com.qa.wisupDEV_Test.FeedbackPageTest" time="16.706" errors="0" timestamp="2022-08-10T17:25:08 IST" skipped="0">
  <testcase classname="com.qa.wisupDEV_Test.FeedbackPageTest" name="createATask" time="16.706"/>
  <system-out/>
</testsuite> <!-- com.qa.wisupDEV_Test.FeedbackPageTest -->
