<?xml version="1.0" encoding="UTF-8"?>
<!-- Generated by org.testng.reporters.JUnitReportReporter -->
<testsuite hostname="LAPTOP-P3PTTN41" failures="0" tests="1" name="com.qa.wisupDEV_Test.LoginPageTest" time="19.601" errors="0" timestamp="2022-08-18T14:47:20 IST" skipped="0">
  <testcase classname="com.qa.wisupDEV_Test.LoginPageTest" name="verifyLogin" time="19.601"/>
  <system-out/>
</testsuite> <!-- com.qa.wisupDEV_Test.LoginPageTest -->
