<?xml version="1.0" encoding="UTF-8"?>
<!-- Generated by org.testng.reporters.JUnitReportReporter -->
<testsuite hostname="LAPTOP-P3PTTN41" failures="0" tests="1" name="com.qa.wisupDEV_Test.LoginTest" time="22.077" errors="0" timestamp="2022-08-09T18:38:33 IST" skipped="0">
  <testcase classname="com.qa.wisupDEV_Test.LoginTest" name="verifyLogin" time="22.077"/>
  <system-out/>
</testsuite> <!-- com.qa.wisupDEV_Test.LoginTest -->
