<?xml version="1.0" encoding="UTF-8"?>
<!-- Generated by org.testng.reporters.JUnitReportReporter -->
<testsuite hostname="LAPTOP-P3PTTN41" failures="0" tests="2" name="com.qa.automationPractice.TestLayer.LoginTest" time="21.868" errors="0" timestamp="2022-08-05T14:25:58 IST" skipped="1">
  <testcase classname="com.qa.automationPractice.TestLayer.LoginTest" name="verifySignInWithInvalidCredential" time="21.868"/>
  <system-out/>
  <testcase classname="com.qa.automationPractice.TestLayer.LoginTest" name="verifySignInWithValidCredential">
    <skipped/>
  </testcase> <!-- verifySignInWithValidCredential -->
  <system-out/>
</testsuite> <!-- com.qa.automationPractice.TestLayer.LoginTest -->
