<?xml version="1.0" encoding="UTF-8"?>
<!-- Generated by org.testng.reporters.JUnitReportReporter -->
<testsuite hostname="LAPTOP-P3PTTN41" failures="0" tests="2" name="com.qa.wishupDEV.TestLayer.LoginTest" time="33.661" errors="0" timestamp="2022-08-09T13:02:40 IST" skipped="1">
  <testcase classname="com.qa.wishupDEV.TestLayer.LoginTest" name="verifyLogInWithValidCredential" time="33.661"/>
  <system-out/>
  <testcase classname="com.qa.wishupDEV.TestLayer.LoginTest" name="verifySignInWithInvalidCredential">
    <skipped/>
  </testcase> <!-- verifySignInWithInvalidCredential -->
  <system-out/>
</testsuite> <!-- com.qa.wishupDEV.TestLayer.LoginTest -->
