<?xml version="1.0" encoding="UTF-8"?>
<!-- Generated by org.testng.reporters.JUnitReportReporter -->
<testsuite hostname="LAPTOP-P3PTTN41" failures="0" tests="1" name="practice.HireResource_withCriteria" time="102.341" errors="0" timestamp="2022-08-23T21:38:53 IST" skipped="0">
  <testcase classname="practice.HireResource_withCriteria" name="addResourceToCartWithMatchedCriteria" time="102.341"/>
  <system-out/>
</testsuite> <!-- practice.HireResource_withCriteria -->
