<?xml version="1.0" encoding="UTF-8"?>
<!-- Generated by org.testng.reporters.JUnitReportReporter -->
<testsuite hostname="LAPTOP-P3PTTN41" failures="0" tests="1" name="com.qa.wisupDEV_Test.AddATaskTest" time="25.767" errors="0" timestamp="2022-08-22T14:50:02 IST" skipped="0">
  <testcase classname="com.qa.wisupDEV_Test.AddATaskTest" name="createATask" time="25.767"/>
  <system-out/>
</testsuite> <!-- com.qa.wisupDEV_Test.AddATaskTest -->
