<?xml version="1.0" encoding="UTF-8"?>
<!-- Generated by org.testng.reporters.JUnitReportReporter -->
<testsuite hostname="LAPTOP-P3PTTN41" failures="0" tests="1" name="com.qa.wisupDEV_Test.HireResource_withCriteria" time="62.748" errors="0" timestamp="2022-08-22T15:13:36 IST" skipped="0">
  <testcase classname="com.qa.wisupDEV_Test.HireResource_withCriteria" name="addResourceToCartWithMatchedCriteria" time="62.748"/>
  <system-out/>
</testsuite> <!-- com.qa.wisupDEV_Test.HireResource_withCriteria -->
