<?xml version="1.0" encoding="UTF-8"?>
<!-- Generated by org.testng.reporters.JUnitReportReporter -->
<testsuite hostname="LAPTOP-P3PTTN41" failures="0" tests="1" name="com.qa.wisupDEV_Test.HireResourcePageTest" time="33.258" errors="0" timestamp="2022-08-22T15:10:40 IST" skipped="0">
  <testcase classname="com.qa.wisupDEV_Test.HireResourcePageTest" name="verifyNumberOfVAsOnPage" time="33.258"/>
  <system-out/>
</testsuite> <!-- com.qa.wisupDEV_Test.HireResourcePageTest -->
