<?xml version="1.0" encoding="UTF-8"?>
<!-- Generated by org.testng.reporters.JUnitReportReporter -->
<testsuite hostname="LAPTOP-P3PTTN41" failures="0" tests="1" name="com.qa.wishupDEV.Common.HireResource_withCriteria" time="74.455" errors="0" timestamp="2022-08-18T22:59:26 IST" skipped="0">
  <testcase classname="com.qa.wishupDEV.Common.HireResource_withCriteria" name="addResourceToCartWithMatchedCriteria" time="74.455"/>
  <system-out/>
</testsuite> <!-- com.qa.wishupDEV.Common.HireResource_withCriteria -->
