<?xml version="1.0" encoding="UTF-8"?>
<!-- Generated by org.testng.reporters.JUnitReportReporter -->
<testsuite hostname="LAPTOP-P3PTTN41" failures="0" tests="2" name="com.qa.wishupDEV.TestLayer.SignUpTest" time="35.589" errors="0" timestamp="2022-08-07T22:10:00 IST" skipped="1">
  <testcase classname="com.qa.wishupDEV.TestLayer.SignUpTest" name="verifySignUpWithMissingPwd" time="35.589"/>
  <system-out/>
  <testcase classname="com.qa.wishupDEV.TestLayer.SignUpTest" name="verifySignUpWithAllMandateFields">
    <skipped/>
  </testcase> <!-- verifySignUpWithAllMandateFields -->
  <system-out/>
</testsuite> <!-- com.qa.wishupDEV.TestLayer.SignUpTest -->
