<?xml version="1.0" encoding="UTF-8"?>
<!-- Generated by org.testng.reporters.JUnitReportReporter -->
<testsuite hostname="LAPTOP-P3PTTN41" failures="0" tests="2" name="com.qa.wishupDEV.TestLayer.HireResource" time="82.001" errors="0" timestamp="2022-08-09T14:04:13 IST" skipped="1">
  <testcase classname="com.qa.wishupDEV.TestLayer.HireResource" name="verifyNumberOfVAs_addtoCart" time="82.001"/>
  <system-out/>
  <testcase classname="com.qa.wishupDEV.TestLayer.HireResource" name="verifyhireResourceFromCart">
    <skipped/>
  </testcase> <!-- verifyhireResourceFromCart -->
  <system-out/>
</testsuite> <!-- com.qa.wishupDEV.TestLayer.HireResource -->
