<?xml version="1.0" encoding="UTF-8"?>
<!-- Generated by org.testng.reporters.JUnitReportReporter -->
<testsuite hostname="LAPTOP-P3PTTN41" failures="0" tests="1" name="com.qa.automationPractice.TestLayer.AddToCart_SearchField" time="38.891" errors="0" timestamp="2022-08-05T16:45:45 IST" skipped="0">
  <testcase classname="com.qa.automationPractice.TestLayer.AddToCart_SearchField" name="verifySearchPrinted" time="38.891"/>
  <system-out/>
</testsuite> <!-- com.qa.automationPractice.TestLayer.AddToCart_SearchField -->
